<?xml version="1.0" encoding="UTF-8" ?>
<testsuite errors="0" failures="0" hostname="LAPTOP-HSPQSV91" name="JunitPackage.WebTest" skipped="0" tests="3" time="121.512" timestamp="2018-09-12T19:17:11">
  <properties>
[...]
</properties>
  <testcase classname="JunitPackage.WebTest" name="signInTest" time="43.347" />
  <testcase classname="JunitPackage.WebTest" name="logInTest" time="32.979" />
  <testcase classname="JunitPackage.WebTest" name="checkoutTest" time="44.84" />
  <system-out><![CDATA[]]></system-out>
  <system-err><![CDATA[Starting ChromeDriver 2.40.565498 (ea082db3280dd6843ebfb08a625e3eb905c4f5ab) on port 4575
Only local connections are allowed.
Sep 13, 2018 12:47:15 AM org.openqa.selenium.remote.ProtocolHandshake createSession
INFO: Detected dialect: OSS
Starting ChromeDriver 2.40.565498 (ea082db3280dd6843ebfb08a625e3eb905c4f5ab) on port 14357
Only local connections are allowed.
Sep 13, 2018 12:48:04 AM org.openqa.selenium.remote.ProtocolHandshake createSession
INFO: Detected dialect: OSS
Starting ChromeDriver 2.40.565498 (ea082db3280dd6843ebfb08a625e3eb905c4f5ab) on port 6285
Only local connections are allowed.
Sep 13, 2018 12:48:31 AM org.openqa.selenium.remote.ProtocolHandshake createSession
INFO: Detected dialect: OSS
]]></system-err>
</testsuite>
